Determining if the pthread_create exist failed with the following output:
Change Dir: /home/robond/source/where_am_i/catkin_ws/build/CMakeFiles/CMakeTmp

Run Build Command:"/usr/bin/make" "cmTC_437b5/fast"
/usr/bin/make -f CMakeFiles/cmTC_437b5.dir/build.make CMakeFiles/cmTC_437b5.dir/build
make[1]: Entering directory '/home/robond/source/where_am_i/catkin_ws/build/CMakeFiles/CMakeTmp'
Building C object CMakeFiles/cmTC_437b5.dir/CheckSymbolExists.c.o
/usr/bin/cc     -o CMakeFiles/cmTC_437b5.dir/CheckSymbolExists.c.o   -c /home/robond/source/where_am_i/catkin_ws/build/CMakeFiles/CMakeTmp/CheckSymbolExists.c
Linking C executable cmTC_437b5
/usr/bin/cmake -E cmake_link_script CMakeFiles/cmTC_437b5.dir/link.txt --verbose=1
/usr/bin/cc       CMakeFiles/cmTC_437b5.dir/CheckSymbolExists.c.o  -o cmTC_437b5 -rdynamic 
CMakeFiles/cmTC_437b5.dir/CheckSymbolExists.c.o: In function `main':
CheckSymbolExists.c:(.text+0x16): undefined reference to `pthread_create'
collect2: error: ld returned 1 exit status
CMakeFiles/cmTC_437b5.dir/build.make:97: recipe for target 'cmTC_437b5' failed
make[1]: *** [cmTC_437b5] Error 1
make[1]: Leaving directory '/home/robond/source/where_am_i/catkin_ws/build/CMakeFiles/CMakeTmp'
Makefile:126: recipe for target 'cmTC_437b5/fast' failed
make: *** [cmTC_437b5/fast] Error 2

File /home/robond/source/where_am_i/catkin_ws/build/CMakeFiles/CMakeTmp/CheckSymbolExists.c:
/* */
#include <pthread.h>

int main(int argc, char** argv)
{
  (void)argv;
#ifndef pthread_create
  return ((int*)(&pthread_create))[argc];
#else
  (void)argc;
  return 0;
#endif
}

Determining if the function pthread_create exists in the pthreads failed with the following output:
Change Dir: /home/robond/source/where_am_i/catkin_ws/build/CMakeFiles/CMakeTmp

Run Build Command:"/usr/bin/make" "cmTC_74a86/fast"
/usr/bin/make -f CMakeFiles/cmTC_74a86.dir/build.make CMakeFiles/cmTC_74a86.dir/build
make[1]: Entering directory '/home/robond/source/where_am_i/catkin_ws/build/CMakeFiles/CMakeTmp'
Building C object CMakeFiles/cmTC_74a86.dir/CheckFunctionExists.c.o
/usr/bin/cc    -DCHECK_FUNCTION_EXISTS=pthread_create   -o CMakeFiles/cmTC_74a86.dir/CheckFunctionExists.c.o   -c /usr/share/cmake-3.5/Modules/CheckFunctionExists.c
Linking C executable cmTC_74a86
/usr/bin/cmake -E cmake_link_script CMakeFiles/cmTC_74a86.dir/link.txt --verbose=1
/usr/bin/cc   -DCHECK_FUNCTION_EXISTS=pthread_create    CMakeFiles/cmTC_74a86.dir/CheckFunctionExists.c.o  -o cmTC_74a86 -rdynamic -lpthreads 
/usr/bin/ld: cannot find -lpthreads
collect2: error: ld returned 1 exit status
CMakeFiles/cmTC_74a86.dir/build.make:97: recipe for target 'cmTC_74a86' failed
make[1]: *** [cmTC_74a86] Error 1
make[1]: Leaving directory '/home/robond/source/where_am_i/catkin_ws/build/CMakeFiles/CMakeTmp'
Makefile:126: recipe for target 'cmTC_74a86/fast' failed
make: *** [cmTC_74a86/fast] Error 2


